{"C:\\Users\\cbbag\\Documents\\Ecole cesi 2024-2025\\cesizen\\cesizen\\back-cesizen\\src\\controllers\\auth.controller.ts": {"path":"C:\\Users\\cbbag\\Documents\\Ecole cesi 2024-2025\\cesizen\\cesizen\\back-cesizen\\src\\controllers\\auth.controller.ts","statementMap":{"0":{"start":{"line":2,"column":0},"end":{"line":2,"column":28}},"1":{"start":{"line":3,"column":0},"end":{"line":3,"column":31}},"2":{"start":{"line":4,"column":0},"end":{"line":4,"column":37}},"3":{"start":{"line":5,"column":0},"end":{"line":5,"column":41}},"4":{"start":{"line":7,"column":24},"end":{"line":26,"column":1}},"5":{"start":{"line":8,"column":2},"end":{"line":25,"column":3}},"6":{"start":{"line":9,"column":32},"end":{"line":9,"column":40}},"7":{"start":{"line":11,"column":21},"end":{"line":11,"column":71}},"8":{"start":{"line":12,"column":4},"end":{"line":15,"column":5}},"9":{"start":{"line":13,"column":6},"end":{"line":13,"column":62}},"10":{"start":{"line":14,"column":6},"end":{"line":14,"column":13}},"11":{"start":{"line":17,"column":19},"end":{"line":17,"column":50}},"12":{"start":{"line":18,"column":20},"end":{"line":20,"column":6}},"13":{"start":{"line":22,"column":4},"end":{"line":22,"column":81}},"14":{"start":{"line":24,"column":4},"end":{"line":24,"column":56}},"15":{"start":{"line":7,"column":13},"end":{"line":7,"column":24}},"16":{"start":{"line":28,"column":21},"end":{"line":62,"column":1}},"17":{"start":{"line":29,"column":2},"end":{"line":61,"column":3}},"18":{"start":{"line":30,"column":32},"end":{"line":30,"column":40}},"19":{"start":{"line":32,"column":17},"end":{"line":35,"column":6}},"20":{"start":{"line":37,"column":4},"end":{"line":40,"column":5}},"21":{"start":{"line":38,"column":6},"end":{"line":38,"column":66}},"22":{"start":{"line":39,"column":6},"end":{"line":39,"column":13}},"23":{"start":{"line":42,"column":18},"end":{"line":42,"column":63}},"24":{"start":{"line":43,"column":4},"end":{"line":46,"column":5}},"25":{"start":{"line":44,"column":6},"end":{"line":44,"column":66}},"26":{"start":{"line":45,"column":6},"end":{"line":45,"column":13}},"27":{"start":{"line":48,"column":18},"end":{"line":50,"column":6}},"28":{"start":{"line":52,"column":4},"end":{"line":56,"column":null}},"29":{"start":{"line":58,"column":4},"end":{"line":58,"column":54}},"30":{"start":{"line":60,"column":4},"end":{"line":60,"column":56}},"31":{"start":{"line":28,"column":13},"end":{"line":28,"column":21}},"32":{"start":{"line":64,"column":30},"end":{"line":81,"column":1}},"33":{"start":{"line":65,"column":2},"end":{"line":80,"column":3}},"34":{"start":{"line":67,"column":20},"end":{"line":67,"column":39}},"35":{"start":{"line":68,"column":28},"end":{"line":68,"column":36}},"36":{"start":{"line":71,"column":19},"end":{"line":71,"column":53}},"37":{"start":{"line":72,"column":4},"end":{"line":75,"column":null}},"38":{"start":{"line":77,"column":4},"end":{"line":77,"column":65}},"39":{"start":{"line":79,"column":4},"end":{"line":79,"column":56}},"40":{"start":{"line":64,"column":13},"end":{"line":64,"column":30}},"41":{"start":{"line":83,"column":29},"end":{"line":95,"column":1}},"42":{"start":{"line":84,"column":2},"end":{"line":94,"column":3}},"43":{"start":{"line":85,"column":20},"end":{"line":85,"column":39}},"44":{"start":{"line":87,"column":4},"end":{"line":89,"column":7}},"45":{"start":{"line":91,"column":4},"end":{"line":91,"column":57}},"46":{"start":{"line":93,"column":4},"end":{"line":93,"column":56}},"47":{"start":{"line":83,"column":13},"end":{"line":83,"column":29}},"48":{"start":{"line":97,"column":33},"end":{"line":126,"column":1}},"49":{"start":{"line":98,"column":2},"end":{"line":125,"column":3}},"50":{"start":{"line":99,"column":38},"end":{"line":99,"column":46}},"51":{"start":{"line":100,"column":21},"end":{"line":100,"column":71}},"52":{"start":{"line":101,"column":4},"end":{"line":104,"column":5}},"53":{"start":{"line":102,"column":6},"end":{"line":102,"column":62}},"54":{"start":{"line":103,"column":6},"end":{"line":103,"column":13}},"55":{"start":{"line":106,"column":19},"end":{"line":106,"column":50}},"56":{"start":{"line":107,"column":23},"end":{"line":107,"column":78}},"57":{"start":{"line":109,"column":0},"end":{"line":112,"column":1}},"58":{"start":{"line":110,"column":2},"end":{"line":110,"column":52}},"59":{"start":{"line":111,"column":2},"end":{"line":111,"column":9}},"60":{"start":{"line":114,"column":0},"end":{"line":120,"column":3}},"61":{"start":{"line":122,"column":4},"end":{"line":122,"column":70}},"62":{"start":{"line":124,"column":4},"end":{"line":124,"column":68}},"63":{"start":{"line":97,"column":13},"end":{"line":97,"column":33}},"64":{"start":{"line":128,"column":27},"end":{"line":141,"column":1}},"65":{"start":{"line":129,"column":2},"end":{"line":140,"column":3}},"66":{"start":{"line":130,"column":18},"end":{"line":136,"column":6}},"67":{"start":{"line":137,"column":4},"end":{"line":137,"column":20}},"68":{"start":{"line":139,"column":4},"end":{"line":139,"column":89}},"69":{"start":{"line":128,"column":13},"end":{"line":128,"column":27}},"70":{"start":{"line":143,"column":30},"end":{"line":169,"column":1}},"71":{"start":{"line":144,"column":2},"end":{"line":168,"column":3}},"72":{"start":{"line":145,"column":29},"end":{"line":145,"column":37}},"73":{"start":{"line":147,"column":23},"end":{"line":147,"column":78}},"74":{"start":{"line":149,"column":0},"end":{"line":152,"column":1}},"75":{"start":{"line":150,"column":2},"end":{"line":150,"column":52}},"76":{"start":{"line":151,"column":2},"end":{"line":151,"column":9}},"77":{"start":{"line":154,"column":0},"end":{"line":157,"column":3}},"78":{"start":{"line":159,"column":4},"end":{"line":163,"column":7}},"79":{"start":{"line":165,"column":4},"end":{"line":165,"column":45}},"80":{"start":{"line":167,"column":4},"end":{"line":167,"column":79}},"81":{"start":{"line":143,"column":13},"end":{"line":143,"column":30}},"82":{"start":{"line":171,"column":26},"end":{"line":183,"column":1}},"83":{"start":{"line":172,"column":2},"end":{"line":182,"column":3}},"84":{"start":{"line":173,"column":23},"end":{"line":173,"column":33}},"85":{"start":{"line":175,"column":4},"end":{"line":177,"column":7}},"86":{"start":{"line":179,"column":4},"end":{"line":179,"column":50}},"87":{"start":{"line":181,"column":4},"end":{"line":181,"column":71}},"88":{"start":{"line":171,"column":13},"end":{"line":171,"column":26}}},"fnMap":{"0":{"name":"(anonymous_1)","decl":{"start":{"line":7,"column":24},"end":{"line":7,"column":29}},"loc":{"start":{"line":7,"column":77},"end":{"line":26,"column":1}}},"1":{"name":"(anonymous_2)","decl":{"start":{"line":28,"column":21},"end":{"line":28,"column":26}},"loc":{"start":{"line":28,"column":74},"end":{"line":62,"column":1}}},"2":{"name":"(anonymous_3)","decl":{"start":{"line":64,"column":30},"end":{"line":64,"column":35}},"loc":{"start":{"line":64,"column":83},"end":{"line":81,"column":1}}},"3":{"name":"(anonymous_4)","decl":{"start":{"line":83,"column":29},"end":{"line":83,"column":34}},"loc":{"start":{"line":83,"column":80},"end":{"line":95,"column":1}}},"4":{"name":"(anonymous_5)","decl":{"start":{"line":97,"column":33},"end":{"line":97,"column":38}},"loc":{"start":{"line":97,"column":86},"end":{"line":126,"column":1}}},"5":{"name":"(anonymous_6)","decl":{"start":{"line":128,"column":27},"end":{"line":128,"column":32}},"loc":{"start":{"line":128,"column":80},"end":{"line":141,"column":1}}},"6":{"name":"(anonymous_7)","decl":{"start":{"line":143,"column":30},"end":{"line":143,"column":35}},"loc":{"start":{"line":143,"column":83},"end":{"line":169,"column":1}}},"7":{"name":"(anonymous_8)","decl":{"start":{"line":171,"column":26},"end":{"line":171,"column":31}},"loc":{"start":{"line":171,"column":79},"end":{"line":183,"column":1}}}},"branchMap":{"0":{"loc":{"start":{"line":12,"column":4},"end":{"line":15,"column":5}},"type":"if","locations":[{"start":{"line":12,"column":4},"end":{"line":15,"column":5}}]},"1":{"loc":{"start":{"line":37,"column":4},"end":{"line":40,"column":5}},"type":"if","locations":[{"start":{"line":37,"column":4},"end":{"line":40,"column":5}}]},"2":{"loc":{"start":{"line":43,"column":4},"end":{"line":46,"column":5}},"type":"if","locations":[{"start":{"line":43,"column":4},"end":{"line":46,"column":5}}]},"3":{"loc":{"start":{"line":48,"column":86},"end":{"line":48,"column":123}},"type":"binary-expr","locations":[{"start":{"line":48,"column":86},"end":{"line":48,"column":111}},{"start":{"line":48,"column":115},"end":{"line":48,"column":123}}]},"4":{"loc":{"start":{"line":101,"column":4},"end":{"line":104,"column":5}},"type":"if","locations":[{"start":{"line":101,"column":4},"end":{"line":104,"column":5}}]},"5":{"loc":{"start":{"line":109,"column":0},"end":{"line":112,"column":1}},"type":"if","locations":[{"start":{"line":109,"column":0},"end":{"line":112,"column":1}}]},"6":{"loc":{"start":{"line":149,"column":0},"end":{"line":152,"column":1}},"type":"if","locations":[{"start":{"line":149,"column":0},"end":{"line":152,"column":1}}]}},"s":{"0":1,"1":1,"2":1,"3":1,"4":1,"5":2,"6":2,"7":2,"8":2,"9":1,"10":1,"11":1,"12":1,"13":1,"14":0,"15":1,"16":1,"17":3,"18":3,"19":3,"20":3,"21":1,"22":1,"23":2,"24":2,"25":1,"26":1,"27":1,"28":1,"29":0,"30":1,"31":1,"32":1,"33":1,"34":1,"35":1,"36":1,"37":1,"38":1,"39":0,"40":1,"41":1,"42":1,"43":1,"44":1,"45":1,"46":0,"47":1,"48":1,"49":1,"50":1,"51":1,"52":1,"53":0,"54":0,"55":1,"56":1,"57":0,"58":0,"59":0,"60":0,"61":0,"62":1,"63":1,"64":1,"65":1,"66":1,"67":1,"68":0,"69":1,"70":1,"71":0,"72":0,"73":0,"74":0,"75":0,"76":0,"77":0,"78":0,"79":0,"80":0,"81":1,"82":1,"83":1,"84":1,"85":1,"86":1,"87":0,"88":1},"f":{"0":2,"1":3,"2":1,"3":1,"4":1,"5":1,"6":0,"7":1},"b":{"0":[1],"1":[1],"2":[1],"3":[1,1],"4":[0],"5":[0],"6":[0]}}
,"C:\\Users\\cbbag\\Documents\\Ecole cesi 2024-2025\\cesizen\\cesizen\\back-cesizen\\src\\controllers\\information.controller.ts": {"path":"C:\\Users\\cbbag\\Documents\\Ecole cesi 2024-2025\\cesizen\\cesizen\\back-cesizen\\src\\controllers\\information.controller.ts","statementMap":{"0":{"start":{"line":2,"column":0},"end":{"line":2,"column":37}},"1":{"start":{"line":4,"column":34},"end":{"line":16,"column":1}},"2":{"start":{"line":5,"column":2},"end":{"line":15,"column":3}},"3":{"start":{"line":6,"column":18},"end":{"line":10,"column":6}},"4":{"start":{"line":11,"column":4},"end":{"line":11,"column":20}},"5":{"start":{"line":13,"column":4},"end":{"line":13,"column":77}},"6":{"start":{"line":14,"column":4},"end":{"line":14,"column":56}},"7":{"start":{"line":4,"column":13},"end":{"line":4,"column":34}},"8":{"start":{"line":18,"column":36},"end":{"line":35,"column":1}},"9":{"start":{"line":19,"column":2},"end":{"line":34,"column":3}},"10":{"start":{"line":20,"column":21},"end":{"line":20,"column":31}},"11":{"start":{"line":21,"column":17},"end":{"line":23,"column":6}},"12":{"start":{"line":25,"column":4},"end":{"line":28,"column":5}},"13":{"start":{"line":26,"column":6},"end":{"line":26,"column":60}},"14":{"start":{"line":27,"column":6},"end":{"line":27,"column":13}},"15":{"start":{"line":30,"column":4},"end":{"line":30,"column":19}},"16":{"start":{"line":32,"column":4},"end":{"line":32,"column":78}},"17":{"start":{"line":33,"column":4},"end":{"line":33,"column":56}},"18":{"start":{"line":18,"column":13},"end":{"line":18,"column":36}},"19":{"start":{"line":37,"column":33},"end":{"line":63,"column":1}},"20":{"start":{"line":38,"column":2},"end":{"line":62,"column":3}},"21":{"start":{"line":39,"column":37},"end":{"line":39,"column":45}},"22":{"start":{"line":42,"column":4},"end":{"line":45,"column":5}},"23":{"start":{"line":43,"column":6},"end":{"line":43,"column":71}},"24":{"start":{"line":44,"column":6},"end":{"line":44,"column":13}},"25":{"start":{"line":47,"column":17},"end":{"line":49,"column":6}},"26":{"start":{"line":51,"column":4},"end":{"line":51,"column":31}},"27":{"start":{"line":53,"column":4},"end":{"line":53,"column":74}},"28":{"start":{"line":56,"column":4},"end":{"line":59,"column":5}},"29":{"start":{"line":57,"column":6},"end":{"line":57,"column":63}},"30":{"start":{"line":58,"column":6},"end":{"line":58,"column":13}},"31":{"start":{"line":61,"column":4},"end":{"line":61,"column":56}},"32":{"start":{"line":37,"column":13},"end":{"line":37,"column":33}},"33":{"start":{"line":65,"column":33},"end":{"line":98,"column":1}},"34":{"start":{"line":66,"column":2},"end":{"line":97,"column":3}},"35":{"start":{"line":67,"column":19},"end":{"line":67,"column":29}},"36":{"start":{"line":68,"column":37},"end":{"line":68,"column":45}},"37":{"start":{"line":71,"column":22},"end":{"line":71,"column":32}},"38":{"start":{"line":72,"column":4},"end":{"line":75,"column":5}},"39":{"start":{"line":73,"column":6},"end":{"line":73,"column":55}},"40":{"start":{"line":74,"column":6},"end":{"line":74,"column":13}},"41":{"start":{"line":77,"column":17},"end":{"line":80,"column":6}},"42":{"start":{"line":82,"column":4},"end":{"line":82,"column":19}},"43":{"start":{"line":84,"column":4},"end":{"line":84,"column":77}},"44":{"start":{"line":86,"column":4},"end":{"line":89,"column":5}},"45":{"start":{"line":87,"column":6},"end":{"line":87,"column":60}},"46":{"start":{"line":88,"column":6},"end":{"line":88,"column":13}},"47":{"start":{"line":91,"column":4},"end":{"line":94,"column":5}},"48":{"start":{"line":92,"column":6},"end":{"line":92,"column":63}},"49":{"start":{"line":93,"column":6},"end":{"line":93,"column":13}},"50":{"start":{"line":96,"column":4},"end":{"line":96,"column":56}},"51":{"start":{"line":65,"column":13},"end":{"line":65,"column":33}},"52":{"start":{"line":100,"column":33},"end":{"line":126,"column":1}},"53":{"start":{"line":101,"column":2},"end":{"line":125,"column":3}},"54":{"start":{"line":102,"column":19},"end":{"line":102,"column":29}},"55":{"start":{"line":105,"column":22},"end":{"line":105,"column":32}},"56":{"start":{"line":106,"column":4},"end":{"line":109,"column":5}},"57":{"start":{"line":107,"column":6},"end":{"line":107,"column":55}},"58":{"start":{"line":108,"column":6},"end":{"line":108,"column":13}},"59":{"start":{"line":111,"column":4},"end":{"line":113,"column":7}},"60":{"start":{"line":115,"column":4},"end":{"line":115,"column":27}},"61":{"start":{"line":117,"column":4},"end":{"line":117,"column":77}},"62":{"start":{"line":119,"column":4},"end":{"line":122,"column":5}},"63":{"start":{"line":120,"column":6},"end":{"line":120,"column":60}},"64":{"start":{"line":121,"column":6},"end":{"line":121,"column":13}},"65":{"start":{"line":124,"column":4},"end":{"line":124,"column":56}},"66":{"start":{"line":100,"column":13},"end":{"line":100,"column":33}}},"fnMap":{"0":{"name":"(anonymous_1)","decl":{"start":{"line":4,"column":34},"end":{"line":4,"column":39}},"loc":{"start":{"line":4,"column":88},"end":{"line":16,"column":1}}},"1":{"name":"(anonymous_2)","decl":{"start":{"line":18,"column":36},"end":{"line":18,"column":41}},"loc":{"start":{"line":18,"column":89},"end":{"line":35,"column":1}}},"2":{"name":"(anonymous_3)","decl":{"start":{"line":37,"column":33},"end":{"line":37,"column":38}},"loc":{"start":{"line":37,"column":86},"end":{"line":63,"column":1}}},"3":{"name":"(anonymous_4)","decl":{"start":{"line":65,"column":33},"end":{"line":65,"column":38}},"loc":{"start":{"line":65,"column":86},"end":{"line":98,"column":1}}},"4":{"name":"(anonymous_5)","decl":{"start":{"line":100,"column":33},"end":{"line":100,"column":38}},"loc":{"start":{"line":100,"column":86},"end":{"line":126,"column":1}}}},"branchMap":{"0":{"loc":{"start":{"line":25,"column":4},"end":{"line":28,"column":5}},"type":"if","locations":[{"start":{"line":25,"column":4},"end":{"line":28,"column":5}}]},"1":{"loc":{"start":{"line":42,"column":4},"end":{"line":45,"column":5}},"type":"if","locations":[{"start":{"line":42,"column":4},"end":{"line":45,"column":5}}]},"2":{"loc":{"start":{"line":42,"column":8},"end":{"line":42,"column":35}},"type":"binary-expr","locations":[{"start":{"line":42,"column":8},"end":{"line":42,"column":14}},{"start":{"line":42,"column":18},"end":{"line":42,"column":23}},{"start":{"line":42,"column":27},"end":{"line":42,"column":35}}]},"3":{"loc":{"start":{"line":56,"column":4},"end":{"line":59,"column":5}},"type":"if","locations":[{"start":{"line":56,"column":4},"end":{"line":59,"column":5}}]},"4":{"loc":{"start":{"line":72,"column":4},"end":{"line":75,"column":5}},"type":"if","locations":[{"start":{"line":72,"column":4},"end":{"line":75,"column":5}}]},"5":{"loc":{"start":{"line":86,"column":4},"end":{"line":89,"column":5}},"type":"if","locations":[{"start":{"line":86,"column":4},"end":{"line":89,"column":5}}]},"6":{"loc":{"start":{"line":91,"column":4},"end":{"line":94,"column":5}},"type":"if","locations":[{"start":{"line":91,"column":4},"end":{"line":94,"column":5}}]},"7":{"loc":{"start":{"line":106,"column":4},"end":{"line":109,"column":5}},"type":"if","locations":[{"start":{"line":106,"column":4},"end":{"line":109,"column":5}}]},"8":{"loc":{"start":{"line":119,"column":4},"end":{"line":122,"column":5}},"type":"if","locations":[{"start":{"line":119,"column":4},"end":{"line":122,"column":5}}]}},"s":{"0":1,"1":1,"2":1,"3":1,"4":1,"5":0,"6":0,"7":1,"8":1,"9":2,"10":2,"11":2,"12":2,"13":1,"14":1,"15":1,"16":0,"17":0,"18":1,"19":1,"20":2,"21":2,"22":2,"23":1,"24":1,"25":1,"26":1,"27":0,"28":0,"29":0,"30":0,"31":0,"32":1,"33":1,"34":2,"35":2,"36":2,"37":2,"38":2,"39":1,"40":1,"41":1,"42":1,"43":0,"44":0,"45":0,"46":0,"47":0,"48":0,"49":0,"50":0,"51":1,"52":1,"53":2,"54":2,"55":2,"56":2,"57":1,"58":1,"59":1,"60":1,"61":0,"62":0,"63":0,"64":0,"65":0,"66":1},"f":{"0":1,"1":2,"2":2,"3":2,"4":2},"b":{"0":[1],"1":[1],"2":[2,1,1],"3":[0],"4":[1],"5":[0],"6":[0],"7":[1],"8":[0]}}
,"C:\\Users\\cbbag\\Documents\\Ecole cesi 2024-2025\\cesizen\\cesizen\\back-cesizen\\src\\controllers\\stress.controller.ts": {"path":"C:\\Users\\cbbag\\Documents\\Ecole cesi 2024-2025\\cesizen\\cesizen\\back-cesizen\\src\\controllers\\stress.controller.ts","statementMap":{"0":{"start":{"line":2,"column":0},"end":{"line":2,"column":37}},"1":{"start":{"line":4,"column":31},"end":{"line":17,"column":1}},"2":{"start":{"line":8,"column":2},"end":{"line":16,"column":3}},"3":{"start":{"line":9,"column":19},"end":{"line":11,"column":6}},"4":{"start":{"line":12,"column":4},"end":{"line":12,"column":21}},"5":{"start":{"line":14,"column":4},"end":{"line":14,"column":75}},"6":{"start":{"line":15,"column":4},"end":{"line":15,"column":56}},"7":{"start":{"line":4,"column":13},"end":{"line":4,"column":31}},"8":{"start":{"line":19,"column":30},"end":{"line":49,"column":1}},"9":{"start":{"line":23,"column":2},"end":{"line":48,"column":3}},"10":{"start":{"line":24,"column":55},"end":{"line":24,"column":63}},"11":{"start":{"line":26,"column":4},"end":{"line":29,"column":5}},"12":{"start":{"line":27,"column":6},"end":{"line":27,"column":54}},"13":{"start":{"line":28,"column":6},"end":{"line":28,"column":13}},"14":{"start":{"line":31,"column":19},"end":{"line":33,"column":6}},"15":{"start":{"line":35,"column":18},"end":{"line":37,"column":null}},"16":{"start":{"line":36,"column":46},"end":{"line":36,"column":67}},"17":{"start":{"line":39,"column":16},"end":{"line":39,"column":24}},"18":{"start":{"line":40,"column":4},"end":{"line":42,"column":48}},"19":{"start":{"line":40,"column":37},"end":{"line":40,"column":54}},"20":{"start":{"line":41,"column":9},"end":{"line":42,"column":48}},"21":{"start":{"line":41,"column":42},"end":{"line":41,"column":58}},"22":{"start":{"line":42,"column":9},"end":{"line":42,"column":48}},"23":{"start":{"line":42,"column":27},"end":{"line":42,"column":48}},"24":{"start":{"line":44,"column":4},"end":{"line":44,"column":38}},"25":{"start":{"line":46,"column":4},"end":{"line":46,"column":60}},"26":{"start":{"line":47,"column":4},"end":{"line":47,"column":56}},"27":{"start":{"line":19,"column":13},"end":{"line":19,"column":30}},"28":{"start":{"line":51,"column":33},"end":{"line":67,"column":1}},"29":{"start":{"line":55,"column":2},"end":{"line":66,"column":3}},"30":{"start":{"line":56,"column":30},"end":{"line":56,"column":38}},"31":{"start":{"line":57,"column":4},"end":{"line":60,"column":5}},"32":{"start":{"line":58,"column":6},"end":{"line":58,"column":60}},"33":{"start":{"line":59,"column":6},"end":{"line":59,"column":13}},"34":{"start":{"line":62,"column":4},"end":{"line":62,"column":65}},"35":{"start":{"line":63,"column":4},"end":{"line":63,"column":58}},"36":{"start":{"line":65,"column":4},"end":{"line":65,"column":68}},"37":{"start":{"line":51,"column":13},"end":{"line":51,"column":33}},"38":{"start":{"line":69,"column":33},"end":{"line":80,"column":1}},"39":{"start":{"line":73,"column":2},"end":{"line":79,"column":3}},"40":{"start":{"line":74,"column":15},"end":{"line":74,"column":36}},"41":{"start":{"line":75,"column":4},"end":{"line":75,"column":55}},"42":{"start":{"line":76,"column":4},"end":{"line":76,"column":48}},"43":{"start":{"line":78,"column":4},"end":{"line":78,"column":71}},"44":{"start":{"line":69,"column":13},"end":{"line":69,"column":33}}},"fnMap":{"0":{"name":"(anonymous_1)","decl":{"start":{"line":4,"column":31},"end":{"line":4,"column":36}},"loc":{"start":{"line":7,"column":19},"end":{"line":17,"column":1}}},"1":{"name":"(anonymous_2)","decl":{"start":{"line":19,"column":30},"end":{"line":19,"column":35}},"loc":{"start":{"line":22,"column":19},"end":{"line":49,"column":1}}},"2":{"name":"(anonymous_3)","decl":{"start":{"line":36,"column":6},"end":{"line":36,"column":7}},"loc":{"start":{"line":36,"column":46},"end":{"line":36,"column":67}}},"3":{"name":"(anonymous_4)","decl":{"start":{"line":51,"column":33},"end":{"line":51,"column":38}},"loc":{"start":{"line":54,"column":19},"end":{"line":67,"column":1}}},"4":{"name":"(anonymous_5)","decl":{"start":{"line":69,"column":33},"end":{"line":69,"column":38}},"loc":{"start":{"line":72,"column":19},"end":{"line":80,"column":1}}}},"branchMap":{"0":{"loc":{"start":{"line":26,"column":4},"end":{"line":29,"column":5}},"type":"if","locations":[{"start":{"line":26,"column":4},"end":{"line":29,"column":5}}]},"1":{"loc":{"start":{"line":26,"column":8},"end":{"line":26,"column":51}},"type":"binary-expr","locations":[{"start":{"line":26,"column":8},"end":{"line":26,"column":20}},{"start":{"line":26,"column":24},"end":{"line":26,"column":51}}]},"2":{"loc":{"start":{"line":36,"column":53},"end":{"line":36,"column":66}},"type":"binary-expr","locations":[{"start":{"line":36,"column":53},"end":{"line":36,"column":61}},{"start":{"line":36,"column":65},"end":{"line":36,"column":66}}]},"3":{"loc":{"start":{"line":40,"column":4},"end":{"line":42,"column":48}},"type":"if","locations":[{"start":{"line":40,"column":4},"end":{"line":42,"column":48}},{"start":{"line":41,"column":9},"end":{"line":42,"column":48}}]},"4":{"loc":{"start":{"line":40,"column":8},"end":{"line":40,"column":35}},"type":"binary-expr","locations":[{"start":{"line":40,"column":8},"end":{"line":40,"column":20}},{"start":{"line":40,"column":24},"end":{"line":40,"column":35}}]},"5":{"loc":{"start":{"line":41,"column":9},"end":{"line":42,"column":48}},"type":"if","locations":[{"start":{"line":41,"column":9},"end":{"line":42,"column":48}},{"start":{"line":42,"column":9},"end":{"line":42,"column":48}}]},"6":{"loc":{"start":{"line":41,"column":13},"end":{"line":41,"column":40}},"type":"binary-expr","locations":[{"start":{"line":41,"column":13},"end":{"line":41,"column":25}},{"start":{"line":41,"column":29},"end":{"line":41,"column":40}}]},"7":{"loc":{"start":{"line":42,"column":9},"end":{"line":42,"column":48}},"type":"if","locations":[{"start":{"line":42,"column":9},"end":{"line":42,"column":48}}]},"8":{"loc":{"start":{"line":57,"column":4},"end":{"line":60,"column":5}},"type":"if","locations":[{"start":{"line":57,"column":4},"end":{"line":60,"column":5}}]},"9":{"loc":{"start":{"line":57,"column":8},"end":{"line":57,"column":44}},"type":"binary-expr","locations":[{"start":{"line":57,"column":8},"end":{"line":57,"column":14}},{"start":{"line":57,"column":18},"end":{"line":57,"column":44}}]}},"s":{"0":1,"1":1,"2":1,"3":1,"4":1,"5":0,"6":0,"7":1,"8":1,"9":2,"10":2,"11":2,"12":1,"13":1,"14":1,"15":1,"16":2,"17":1,"18":1,"19":0,"20":1,"21":1,"22":0,"23":0,"24":1,"25":0,"26":0,"27":1,"28":1,"29":2,"30":2,"31":2,"32":1,"33":1,"34":1,"35":1,"36":0,"37":1,"38":1,"39":1,"40":1,"41":1,"42":1,"43":0,"44":1},"f":{"0":1,"1":2,"2":2,"3":2,"4":1},"b":{"0":[1],"1":[2,1],"2":[2,0],"3":[0,1],"4":[1,1],"5":[1,0],"6":[1,1],"7":[0],"8":[1],"9":[2,1]}}
,"C:\\Users\\cbbag\\Documents\\Ecole cesi 2024-2025\\cesizen\\cesizen\\back-cesizen\\src\\utils\\log.ts": {"path":"C:\\Users\\cbbag\\Documents\\Ecole cesi 2024-2025\\cesizen\\cesizen\\back-cesizen\\src\\utils\\log.ts","statementMap":{"0":{"start":{"line":4,"column":0},"end":{"line":4,"column":7}},"1":{"start":{"line":1,"column":0},"end":{"line":1,"column":46}},"2":{"start":{"line":2,"column":15},"end":{"line":2,"column":33}},"3":{"start":{"line":9,"column":38},"end":{"line":9,"column":44}},"4":{"start":{"line":11,"column":2},"end":{"line":17,"column":5}}},"fnMap":{"0":{"name":"logAction","decl":{"start":{"line":4,"column":22},"end":{"line":4,"column":31}},"loc":{"start":{"line":8,"column":1},"end":{"line":18,"column":1}}}},"branchMap":{},"s":{"0":1,"1":1,"2":1,"3":1,"4":1},"f":{"0":1},"b":{}}
}
