TN:
SF:src\controllers\auth.controller.ts
FN:7,(anonymous_1)
FN:28,(anonymous_2)
FN:64,(anonymous_3)
FN:83,(anonymous_4)
FN:97,(anonymous_5)
FN:128,(anonymous_6)
FN:143,(anonymous_7)
FN:171,(anonymous_8)
FNF:8
FNH:7
FNDA:2,(anonymous_1)
FNDA:3,(anonymous_2)
FNDA:1,(anonymous_3)
FNDA:1,(anonymous_4)
FNDA:1,(anonymous_5)
FNDA:1,(anonymous_6)
FNDA:0,(anonymous_7)
FNDA:1,(anonymous_8)
DA:2,1
DA:3,1
DA:4,1
DA:5,1
DA:7,1
DA:8,2
DA:9,2
DA:11,2
DA:12,2
DA:13,1
DA:14,1
DA:17,1
DA:18,1
DA:22,1
DA:24,0
DA:28,1
DA:29,3
DA:30,3
DA:32,3
DA:37,3
DA:38,1
DA:39,1
DA:42,2
DA:43,2
DA:44,1
DA:45,1
DA:48,1
DA:52,1
DA:58,0
DA:60,1
DA:64,1
DA:65,1
DA:67,1
DA:68,1
DA:71,1
DA:72,1
DA:77,1
DA:79,0
DA:83,1
DA:84,1
DA:85,1
DA:87,1
DA:91,1
DA:93,0
DA:97,1
DA:98,1
DA:99,1
DA:100,1
DA:101,1
DA:102,0
DA:103,0
DA:106,1
DA:107,1
DA:109,0
DA:110,0
DA:111,0
DA:114,0
DA:122,0
DA:124,1
DA:128,1
DA:129,1
DA:130,1
DA:137,1
DA:139,0
DA:143,1
DA:144,0
DA:145,0
DA:147,0
DA:149,0
DA:150,0
DA:151,0
DA:154,0
DA:159,0
DA:165,0
DA:167,0
DA:171,1
DA:172,1
DA:173,1
DA:175,1
DA:179,1
DA:181,0
LF:81
LH:58
BRDA:12,0,0,1
BRDA:37,1,0,1
BRDA:43,2,0,1
BRDA:48,3,0,1
BRDA:48,3,1,1
BRDA:101,4,0,0
BRDA:109,5,0,0
BRDA:149,6,0,0
BRF:8
BRH:5
end_of_record
TN:
SF:src\controllers\information.controller.ts
FN:4,(anonymous_1)
FN:18,(anonymous_2)
FN:37,(anonymous_3)
FN:65,(anonymous_4)
FN:100,(anonymous_5)
FNF:5
FNH:5
FNDA:1,(anonymous_1)
FNDA:2,(anonymous_2)
FNDA:2,(anonymous_3)
FNDA:2,(anonymous_4)
FNDA:2,(anonymous_5)
DA:2,1
DA:4,1
DA:5,1
DA:6,1
DA:11,1
DA:13,0
DA:14,0
DA:18,1
DA:19,2
DA:20,2
DA:21,2
DA:25,2
DA:26,1
DA:27,1
DA:30,1
DA:32,0
DA:33,0
DA:37,1
DA:38,2
DA:39,2
DA:42,2
DA:43,1
DA:44,1
DA:47,1
DA:51,1
DA:53,0
DA:56,0
DA:57,0
DA:58,0
DA:61,0
DA:65,1
DA:66,2
DA:67,2
DA:68,2
DA:71,2
DA:72,2
DA:73,1
DA:74,1
DA:77,1
DA:82,1
DA:84,0
DA:86,0
DA:87,0
DA:88,0
DA:91,0
DA:92,0
DA:93,0
DA:96,0
DA:100,1
DA:101,2
DA:102,2
DA:105,2
DA:106,2
DA:107,1
DA:108,1
DA:111,1
DA:115,1
DA:117,0
DA:119,0
DA:120,0
DA:121,0
DA:124,0
LF:62
LH:40
BRDA:25,0,0,1
BRDA:42,1,0,1
BRDA:42,2,0,2
BRDA:42,2,1,1
BRDA:42,2,2,1
BRDA:56,3,0,0
BRDA:72,4,0,1
BRDA:86,5,0,0
BRDA:91,6,0,0
BRDA:106,7,0,1
BRDA:119,8,0,0
BRF:11
BRH:7
end_of_record
TN:
SF:src\controllers\stress.controller.ts
FN:4,(anonymous_1)
FN:19,(anonymous_2)
FN:36,(anonymous_3)
FN:51,(anonymous_4)
FN:69,(anonymous_5)
FNF:5
FNH:5
FNDA:1,(anonymous_1)
FNDA:2,(anonymous_2)
FNDA:2,(anonymous_3)
FNDA:2,(anonymous_4)
FNDA:1,(anonymous_5)
DA:2,1
DA:4,1
DA:8,1
DA:9,1
DA:12,1
DA:14,0
DA:15,0
DA:19,1
DA:23,2
DA:24,2
DA:26,2
DA:27,1
DA:28,1
DA:31,1
DA:35,1
DA:36,2
DA:39,1
DA:40,1
DA:41,1
DA:42,0
DA:44,1
DA:46,0
DA:47,0
DA:51,1
DA:55,2
DA:56,2
DA:57,2
DA:58,1
DA:59,1
DA:62,1
DA:63,1
DA:65,0
DA:69,1
DA:73,1
DA:74,1
DA:75,1
DA:76,1
DA:78,0
LF:38
LH:31
BRDA:26,0,0,1
BRDA:26,1,0,2
BRDA:26,1,1,1
BRDA:36,2,0,2
BRDA:36,2,1,0
BRDA:40,3,0,0
BRDA:40,3,1,1
BRDA:40,4,0,1
BRDA:40,4,1,1
BRDA:41,5,0,1
BRDA:41,5,1,0
BRDA:41,6,0,1
BRDA:41,6,1,1
BRDA:42,7,0,0
BRDA:57,8,0,1
BRDA:57,9,0,2
BRDA:57,9,1,1
BRF:17
BRH:13
end_of_record
TN:
SF:src\utils\log.ts
FN:4,logAction
FNF:1
FNH:1
FNDA:1,logAction
DA:1,1
DA:2,1
DA:4,1
DA:9,1
DA:11,1
LF:5
LH:5
BRF:0
BRH:0
end_of_record
